[debug] [2025-03-27T20:55:41.709Z] ----------------------------------------------------------------------
[debug] [2025-03-27T20:55:41.711Z] Command:       C:\Program Files\nodejs\node.exe C:\Users\darcy\AppData\Roaming\npm\node_modules\firebase-tools\lib\bin\firebase.js deploy
[debug] [2025-03-27T20:55:41.712Z] CLI Version:   14.0.0
[debug] [2025-03-27T20:55:41.712Z] Platform:      win32
[debug] [2025-03-27T20:55:41.712Z] Node Version:  v22.14.0
[debug] [2025-03-27T20:55:41.712Z] Time:          Thu Mar 27 2025 16:55:41 GMT-0400 (Eastern Daylight Saving Time)
[debug] [2025-03-27T20:55:41.712Z] ----------------------------------------------------------------------
[debug] 
[debug] [2025-03-27T20:55:41.904Z] > command requires scopes: ["email","openid","https://www.googleapis.com/auth/cloudplatformprojects.readonly","https://www.googleapis.com/auth/firebase","https://www.googleapis.com/auth/cloud-platform"]
[debug] [2025-03-27T20:55:41.904Z] > authorizing via signed-in user (darcy.ldx@gmail.com)
[debug] [2025-03-27T20:55:41.905Z] [iam] checking project galatea-ai for permissions ["firebase.projects.get","firebasehosting.sites.update"]
[debug] [2025-03-27T20:55:41.906Z] Checked if tokens are valid: false, expires at: 1743109588296
[debug] [2025-03-27T20:55:41.906Z] Checked if tokens are valid: false, expires at: 1743109588296
[debug] [2025-03-27T20:55:41.906Z] > refreshing access token with scopes: []
[debug] [2025-03-27T20:55:41.908Z] >>> [apiv2][query] POST https://www.googleapis.com/oauth2/v3/token [none]
[debug] [2025-03-27T20:55:41.908Z] >>> [apiv2][body] POST https://www.googleapis.com/oauth2/v3/token [omitted]
[debug] [2025-03-27T20:55:42.075Z] <<< [apiv2][status] POST https://www.googleapis.com/oauth2/v3/token 200
[debug] [2025-03-27T20:55:42.075Z] <<< [apiv2][body] POST https://www.googleapis.com/oauth2/v3/token [omitted]
[debug] [2025-03-27T20:55:42.088Z] >>> [apiv2][query] POST https://cloudresourcemanager.googleapis.com/v1/projects/galatea-ai:testIamPermissions [none]
[debug] [2025-03-27T20:55:42.089Z] >>> [apiv2][(partial)header] POST https://cloudresourcemanager.googleapis.com/v1/projects/galatea-ai:testIamPermissions x-goog-quota-user=projects/galatea-ai
[debug] [2025-03-27T20:55:42.089Z] >>> [apiv2][body] POST https://cloudresourcemanager.googleapis.com/v1/projects/galatea-ai:testIamPermissions {"permissions":["firebase.projects.get","firebasehosting.sites.update"]}
[debug] [2025-03-27T20:55:42.317Z] <<< [apiv2][status] POST https://cloudresourcemanager.googleapis.com/v1/projects/galatea-ai:testIamPermissions 200
[debug] [2025-03-27T20:55:42.317Z] <<< [apiv2][body] POST https://cloudresourcemanager.googleapis.com/v1/projects/galatea-ai:testIamPermissions {"permissions":["firebase.projects.get","firebasehosting.sites.update"]}
[debug] [2025-03-27T20:55:42.317Z] Checked if tokens are valid: true, expires at: 1743112541075
[debug] [2025-03-27T20:55:42.318Z] Checked if tokens are valid: true, expires at: 1743112541075
[debug] [2025-03-27T20:55:42.318Z] >>> [apiv2][query] GET https://firebase.googleapis.com/v1beta1/projects/galatea-ai [none]
[debug] [2025-03-27T20:55:42.614Z] <<< [apiv2][status] GET https://firebase.googleapis.com/v1beta1/projects/galatea-ai 200
[debug] [2025-03-27T20:55:42.614Z] <<< [apiv2][body] GET https://firebase.googleapis.com/v1beta1/projects/galatea-ai {"projectId":"galatea-ai","projectNumber":"727737899444","displayName":"galatea-ai","name":"projects/galatea-ai","resources":{"hostingSite":"galatea-ai"},"state":"ACTIVE","etag":"1_3952c5d5-bece-4a17-a4db-c4cd16bfa5e0"}
[debug] [2025-03-27T20:55:45.600Z] defaultcredentials: writing to file C:\Users\darcy\AppData\Roaming\firebase\darcy_ldx_gmail.com_application_default_credentials.json
[debug] [2025-03-27T20:55:45.602Z] Checked if tokens are valid: true, expires at: 1743112541075
[debug] [2025-03-27T20:55:45.602Z] Checked if tokens are valid: true, expires at: 1743112541075
[debug] [2025-03-27T20:55:45.602Z] >>> [apiv2][query] GET https://firebasehosting.googleapis.com/v1beta1/projects/galatea-ai/sites pageToken=&pageSize=10
[debug] [2025-03-27T20:55:46.025Z] <<< [apiv2][status] GET https://firebasehosting.googleapis.com/v1beta1/projects/galatea-ai/sites 200
[debug] [2025-03-27T20:55:46.025Z] <<< [apiv2][body] GET https://firebasehosting.googleapis.com/v1beta1/projects/galatea-ai/sites {"sites":[{"name":"projects/galatea-ai/sites/galatea-ai","defaultUrl":"https://galatea-ai.web.app","appId":"1:727737899444:web:16152c4885a96302af7ae1","type":"DEFAULT_SITE"}]}
[debug] [2025-03-27T20:55:46.026Z] Checked if tokens are valid: true, expires at: 1743112541075
[debug] [2025-03-27T20:55:46.026Z] Checked if tokens are valid: true, expires at: 1743112541075
[debug] [2025-03-27T20:55:46.026Z] >>> [apiv2][query] GET https://firebase.googleapis.com/v1beta1/projects/-/webApps/1:727737899444:web:16152c4885a96302af7ae1/config [none]
[debug] [2025-03-27T20:55:46.554Z] <<< [apiv2][status] GET https://firebase.googleapis.com/v1beta1/projects/-/webApps/1:727737899444:web:16152c4885a96302af7ae1/config 200
[debug] [2025-03-27T20:55:46.554Z] <<< [apiv2][body] GET https://firebase.googleapis.com/v1beta1/projects/-/webApps/1:727737899444:web:16152c4885a96302af7ae1/config {"projectId":"galatea-ai","appId":"1:727737899444:web:16152c4885a96302af7ae1","storageBucket":"galatea-ai.firebasestorage.app","apiKey":"AIzaSyBlw_fzjEs-NbOabJkHEpGbfBdDEt7RVvI","authDomain":"galatea-ai.firebaseapp.com","messagingSenderId":"727737899444","measurementId":"G-6ZQT56XSCV"}
[info] 
   Thank you for trying our early preview of Next.js support on Firebase Hosting.
   During the preview, support is best-effort and breaking changes can be expected. Proceed with caution.

   Documentation: https://firebase.google.com/docs/hosting/frameworks/nextjs
   File a bug: https://github.com/firebase/firebase-tools/issues/new?template=bug_report.md
   Submit a feature request: https://github.com/firebase/firebase-tools/issues/new?template=feature_request.md

   We'd love to learn from you. Express your interest in helping us shape the future of Firebase Hosting: https://goo.gle/41enW5X

[debug] [2025-03-27T20:55:53.275Z] Checked if tokens are valid: true, expires at: 1743112541075
[debug] [2025-03-27T20:55:53.276Z] Checked if tokens are valid: true, expires at: 1743112541075
[debug] [2025-03-27T20:55:53.276Z] >>> [apiv2][query] GET https://firebasehosting.googleapis.com/v1beta1/projects/galatea-ai/sites/galatea-ai [none]
[debug] [2025-03-27T20:55:53.564Z] <<< [apiv2][status] GET https://firebasehosting.googleapis.com/v1beta1/projects/galatea-ai/sites/galatea-ai 200
[debug] [2025-03-27T20:55:53.564Z] <<< [apiv2][body] GET https://firebasehosting.googleapis.com/v1beta1/projects/galatea-ai/sites/galatea-ai {"name":"projects/galatea-ai/sites/galatea-ai","defaultUrl":"https://galatea-ai.web.app","appId":"1:727737899444:web:16152c4885a96302af7ae1","type":"DEFAULT_SITE"}
[info]   ▲ Next.js 14.2.26

[info]   - Environments: .env


[info]    Creating an optimized production build ...

[info]  ✓ Compiled successfully

[info]    Linting and checking validity of types ...

[info]    Collecting page data ...

[info]    Generating static pages (0/12) ...

[info]    Generating static pages (3/12) 

[info]    Generating static pages (6/12) 

[info]    Generating static pages (9/12) 

[info]  ✓ Generating static pages (12/12)

[info]    Finalizing page optimization ...

[info]    Collecting build traces ...

[info] 

[info] Route (app)                              Size     First Load JS
┌ ○ /                                    7.3 kB          212 kB
├ ○ /_not-found                          873 B          88.1 kB
├ ○ /api/matches                         0 B                0 B
├ ○ /api/profiles                        0 B                0 B
├ ƒ /api/protected                       0 B                0 B
├ ○ /matches                             4.27 kB         203 kB
├ ○ /profile                             2.66 kB         196 kB
├ ○ /sign-in                             2.62 kB         201 kB
└ ○ /swipe                               4.03 kB         214 kB
+ First Load JS shared by all            87.2 kB
  ├ chunks/117-729e5a7ccfec86ff.js       31.6 kB
  ├ chunks/fd9d1056-56949f3b4e62f4f5.js  53.6 kB
  └ other shared chunks (total)          1.95 kB



[info] ○  (Static)   prerendered as static content
ƒ  (Dynamic)  server-rendered on demand


[info] Building a Cloud Function to run this application. This is needed due to:
[info]  • non-static component /api/protected/route
[info] 
[debug] [2025-03-27T20:56:42.867Z] Checked if tokens are valid: true, expires at: 1743112541075
[debug] [2025-03-27T20:56:42.867Z] Checked if tokens are valid: true, expires at: 1743112541075
[debug] [2025-03-27T20:56:42.867Z] >>> [apiv2][query] GET https://firebasehosting.googleapis.com/v1beta1/projects/galatea-ai/sites/galatea-ai [none]
[debug] [2025-03-27T20:56:43.144Z] <<< [apiv2][status] GET https://firebasehosting.googleapis.com/v1beta1/projects/galatea-ai/sites/galatea-ai 200
[debug] [2025-03-27T20:56:43.144Z] <<< [apiv2][body] GET https://firebasehosting.googleapis.com/v1beta1/projects/galatea-ai/sites/galatea-ai {"name":"projects/galatea-ai/sites/galatea-ai","defaultUrl":"https://galatea-ai.web.app","appId":"1:727737899444:web:16152c4885a96302af7ae1","type":"DEFAULT_SITE"}
[warn] !  This integration expects Node version 16, 18, or 20. You're running version 22, problems may be encountered. 
[debug] [2025-03-27T20:56:45.456Z] Error: Command failed: npm i --omit dev --no-audit
    at genericNodeError (node:internal/errors:983:15)
    at wrappedFn (node:internal/errors:537:14)
    at checkExecSyncError (node:child_process:882:11)
    at execSync (node:child_process:954:15)
    at prepareFrameworks (C:\Users\darcy\AppData\Roaming\npm\node_modules\firebase-tools\lib\frameworks\index.js:371:42)
    at async deploy (C:\Users\darcy\AppData\Roaming\npm\node_modules\firebase-tools\lib\deploy\index.js:76:9)
[error] 
[error] Error: An unexpected error has occurred.
